<?xml version="1.0" encoding="UTF-8"?>
<testng-results skipped="0" failed="0" ignored="0" total="1" passed="1">
  <reporter-output>
  </reporter-output>
  <suite name="Suite" duration-ms="37443" started-at="2019-07-04T06:55:46Z" finished-at="2019-07-04T06:56:24Z">
    <groups>
    </groups>
    <test name="Test" duration-ms="37443" started-at="2019-07-04T06:55:46Z" finished-at="2019-07-04T06:56:24Z">
      <class name="com.mycompany.app.window">
        <test-method status="PASS" signature="windowhandle()[pri:0, instance:com.mycompany.app.window@42d3bd8b]" name="windowhandle" duration-ms="37383" started-at="2019-07-04T06:55:46Z" finished-at="2019-07-04T06:56:24Z">
          <reporter-output>
          </reporter-output>
        </test-method> <!-- windowhandle -->
      </class> <!-- com.mycompany.app.window -->
    </test> <!-- Test -->
  </suite> <!-- Suite -->
</testng-results>
