<?xml version="1.0" encoding="UTF-8"?>
<testng-results skipped="0" failed="0" ignored="0" total="1" passed="1">
  <reporter-output>
  </reporter-output>
  <suite name="Default suite" duration-ms="52111" started-at="2019-07-16T10:55:28Z" finished-at="2019-07-16T10:56:20Z">
    <groups>
    </groups>
    <test name="Default test" duration-ms="52111" started-at="2019-07-16T10:55:28Z" finished-at="2019-07-16T10:56:20Z">
      <class name="com.mycompany.app.alert">
        <test-method status="PASS" signature="dialogue()[pri:0, instance:com.mycompany.app.alert@7823a2f9]" name="dialogue" duration-ms="52053" started-at="2019-07-16T10:55:28Z" finished-at="2019-07-16T10:56:20Z">
          <reporter-output>
          </reporter-output>
        </test-method> <!-- dialogue -->
      </class> <!-- com.mycompany.app.alert -->
    </test> <!-- Default test -->
  </suite> <!-- Default suite -->
</testng-results>
