<?xml version="1.0" encoding="UTF-8"?>
<testng-results skipped="0" failed="0" ignored="1" total="2" passed="1">
  <reporter-output>
  </reporter-output>
  <suite name="Suite" duration-ms="17379" started-at="2019-07-04T10:47:53Z" finished-at="2019-07-04T10:48:11Z">
    <groups>
    </groups>
    <test name="Test" duration-ms="17379" started-at="2019-07-04T10:47:53Z" finished-at="2019-07-04T10:48:11Z">
      <class name="com.mycompany.app.draganddrop">
        <test-method status="PASS" signature="select()[pri:0, instance:com.mycompany.app.draganddrop@39aeed2f]" name="select" duration-ms="17336" started-at="2019-07-04T10:47:53Z" finished-at="2019-07-04T10:48:11Z">
          <reporter-output>
          </reporter-output>
        </test-method> <!-- select -->
      </class> <!-- com.mycompany.app.draganddrop -->
    </test> <!-- Test -->
  </suite> <!-- Suite -->
</testng-results>
